<?xml version="1.0" encoding="UTF-8"?>
<testng-results ignored="0" total="2" passed="2" failed="0" skipped="0">
  <reporter-output>
  </reporter-output>
  <suite started-at="2023-05-18T15:15:33 IST" name="MakeMyTrip" finished-at="2023-05-18T15:15:58 IST" duration-ms="24343">
    <groups>
    </groups>
    <test started-at="2023-05-18T15:15:33 IST" name="Assessment" finished-at="2023-05-18T15:15:58 IST" duration-ms="24343">
      <class name="Test.MakeMyTripChrome">
        <test-method is-config="true" signature="setUp(java.lang.String)[pri:0, instance:Test.MakeMyTripChrome@d9345cd]" started-at="2023-05-18T15:15:33 IST" name="setUp" finished-at="2023-05-18T15:15:46 IST" duration-ms="12485" status="PASS">
          <params>
            <param index="0">
              <value>
                <![CDATA[chrome]]>
              </value>
            </param>
          </params>
          <reporter-output>
          </reporter-output>
        </test-method> <!-- setUp -->
        <test-method signature="searchFlight()[pri:0, instance:Test.MakeMyTripChrome@d9345cd]" started-at="2023-05-18T15:15:46 IST" name="searchFlight" finished-at="2023-05-18T15:15:48 IST" duration-ms="1881" status="PASS">
          <reporter-output>
          </reporter-output>
        </test-method> <!-- searchFlight -->
        <test-method is-config="true" signature="tearDown()[pri:0, instance:Test.MakeMyTripChrome@d9345cd]" started-at="2023-05-18T15:15:48 IST" name="tearDown" finished-at="2023-05-18T15:15:49 IST" duration-ms="881" status="PASS">
          <reporter-output>
          </reporter-output>
        </test-method> <!-- tearDown -->
      </class> <!-- Test.MakeMyTripChrome -->
      <class name="Test.MakeMyTripFireFox">
        <test-method is-config="true" signature="setUp(java.lang.String)[pri:0, instance:Test.MakeMyTripFireFox@506ae4d4]" started-at="2023-05-18T15:15:49 IST" name="setUp" finished-at="2023-05-18T15:15:57 IST" duration-ms="7995" status="PASS">
          <params>
            <param index="0">
              <value>
                <![CDATA[chrome]]>
              </value>
            </param>
          </params>
          <reporter-output>
          </reporter-output>
        </test-method> <!-- setUp -->
        <test-method signature="checkLogo()[pri:0, instance:Test.MakeMyTripFireFox@506ae4d4]" started-at="2023-05-18T15:15:57 IST" name="checkLogo" finished-at="2023-05-18T15:15:57 IST" duration-ms="112" status="PASS">
          <reporter-output>
          </reporter-output>
        </test-method> <!-- checkLogo -->
        <test-method is-config="true" signature="tearDown()[pri:0, instance:Test.MakeMyTripFireFox@506ae4d4]" started-at="2023-05-18T15:15:57 IST" name="tearDown" finished-at="2023-05-18T15:15:58 IST" duration-ms="899" status="PASS">
          <reporter-output>
          </reporter-output>
        </test-method> <!-- tearDown -->
      </class> <!-- Test.MakeMyTripFireFox -->
    </test> <!-- Assessment -->
  </suite> <!-- MakeMyTrip -->
</testng-results>
