<?xml version="1.0" encoding="UTF-8"?>
<testng-results ignored="0" total="1" passed="1" failed="0" skipped="0">
  <reporter-output>
  </reporter-output>
  <suite started-at="2023-06-10T14:12:34 IST" name="Suite" finished-at="2023-06-10T14:12:40 IST" duration-ms="5180">
    <groups>
    </groups>
    <test started-at="2023-06-10T14:12:34 IST" name="Test" finished-at="2023-06-10T14:12:40 IST" duration-ms="5180">
      <class name="caseStudy.testCases.TestCaseScenario2">
        <test-method is-config="true" signature="setUp(java.lang.String)[pri:0, instance:caseStudy.testCases.TestCaseScenario2@6bd61f98]" started-at="2023-06-10T14:12:24 IST" name="setUp" finished-at="2023-06-10T14:12:34 IST" duration-ms="10952" status="PASS">
          <params>
            <param index="0">
              <value>
                <![CDATA[https://www.flipkart.com/]]>
              </value>
            </param>
          </params>
          <reporter-output>
          </reporter-output>
        </test-method> <!-- setUp -->
        <test-method signature="Scenario_2()[pri:0, instance:caseStudy.testCases.TestCaseScenario2@6bd61f98]" started-at="2023-06-10T14:12:35 IST" name="Scenario_2" finished-at="2023-06-10T14:12:40 IST" duration-ms="5086" status="PASS">
          <reporter-output>
          </reporter-output>
        </test-method> <!-- Scenario_2 -->
        <test-method is-config="true" signature="tearDown()[pri:0, instance:caseStudy.testCases.TestCaseScenario2@6bd61f98]" started-at="2023-06-10T14:12:40 IST" name="tearDown" finished-at="2023-06-10T14:12:41 IST" duration-ms="851" status="PASS">
          <reporter-output>
          </reporter-output>
        </test-method> <!-- tearDown -->
      </class> <!-- caseStudy.testCases.TestCaseScenario2 -->
    </test> <!-- Test -->
  </suite> <!-- Suite -->
</testng-results>
